<?xml version="1.0" encoding="UTF-8" ?>
<testsuite failures="0" time="1.144" errors="1" skipped="0" tests="1" name="com.example.MyResourceTest">
  <properties>
    <property name="java.runtime.name" value="Java(TM) SE Runtime Environment"/>
    <property name="sun.boot.library.path" value="/Users/dhgajend/p4depot/dev/src1213/build/jdk7_15/jdk1.7.0_15/jre/lib"/>
    <property name="java.vm.version" value="23.7-b01"/>
    <property name="gopherProxySet" value="false"/>
    <property name="java.vm.vendor" value="Oracle Corporation"/>
    <property name="java.vendor.url" value="http://java.oracle.com/"/>
    <property name="path.separator" value=":"/>
    <property name="java.vm.name" value="Java HotSpot(TM) 64-Bit Server VM"/>
    <property name="file.encoding.pkg" value="sun.io"/>
    <property name="user.country" value="US"/>
    <property name="sun.java.launcher" value="SUN_STANDARD"/>
    <property name="sun.os.patch.level" value="unknown"/>
    <property name="java.vm.specification.name" value="Java Virtual Machine Specification"/>
    <property name="user.dir" value="/Users/dhgajend/my_home/workspace/cloud/simple-service"/>
    <property name="java.runtime.version" value="1.7.0_15-b33"/>
    <property name="java.awt.graphicsenv" value="sun.awt.CGraphicsEnvironment"/>
    <property name="basedir" value="/Users/dhgajend/my_home/workspace/cloud/simple-service"/>
    <property name="java.endorsed.dirs" value="/Users/dhgajend/p4depot/dev/src1213/build/jdk7_15/jdk1.7.0_15/jre/lib/endorsed"/>
    <property name="os.arch" value="x86_64"/>
    <property name="surefire.real.class.path" value="/Users/dhgajend/my_home/workspace/cloud/simple-service/target/surefire/surefirebooter3328034652416405721.jar"/>
    <property name="java.io.tmpdir" value="/var/folders/56/lwx_wnpd5wg1t034wyvy2bgr0000gn/T/"/>
    <property name="line.separator" value="
"/>
    <property name="java.vm.specification.vendor" value="Oracle Corporation"/>
    <property name="os.name" value="Mac OS X"/>
    <property name="sun.jnu.encoding" value="UTF-8"/>
    <property name="java.library.path" value="/Users/dhgajend/Library/Java/Extensions:/Library/Java/Extensions:/Network/Library/Java/Extensions:/System/Library/Java/Extensions:/usr/lib/java:."/>
    <property name="surefire.test.class.path" value="/Users/dhgajend/my_home/workspace/cloud/simple-service/target/test-classes:/Users/dhgajend/my_home/workspace/cloud/simple-service/target/classes:/Users/dhgajend/.m2/repository/org/glassfish/jersey/containers/jersey-container-grizzly2-http/2.5.1/jersey-container-grizzly2-http-2.5.1.jar:/Users/dhgajend/.m2/repository/org/glassfish/hk2/external/javax.inject/2.2.0-b21/javax.inject-2.2.0-b21.jar:/Users/dhgajend/.m2/repository/org/glassfish/grizzly/grizzly-http-server/2.3.8/grizzly-http-server-2.3.8.jar:/Users/dhgajend/.m2/repository/org/glassfish/grizzly/grizzly-http/2.3.8/grizzly-http-2.3.8.jar:/Users/dhgajend/.m2/repository/org/glassfish/grizzly/grizzly-framework/2.3.8/grizzly-framework-2.3.8.jar:/Users/dhgajend/.m2/repository/org/glassfish/jersey/core/jersey-common/2.5.1/jersey-common-2.5.1.jar:/Users/dhgajend/.m2/repository/javax/annotation/javax.annotation-api/1.2/javax.annotation-api-1.2.jar:/Users/dhgajend/.m2/repository/com/google/guava/guava/14.0.1/guava-14.0.1.jar:/Users/dhgajend/.m2/repository/org/glassfish/hk2/hk2-api/2.2.0-b21/hk2-api-2.2.0-b21.jar:/Users/dhgajend/.m2/repository/org/glassfish/hk2/hk2-utils/2.2.0-b21/hk2-utils-2.2.0-b21.jar:/Users/dhgajend/.m2/repository/org/glassfish/hk2/hk2-locator/2.2.0-b21/hk2-locator-2.2.0-b21.jar:/Users/dhgajend/.m2/repository/org/glassfish/hk2/external/asm-all-repackaged/2.2.0-b21/asm-all-repackaged-2.2.0-b21.jar:/Users/dhgajend/.m2/repository/org/glassfish/hk2/external/cglib/2.2.0-b21/cglib-2.2.0-b21.jar:/Users/dhgajend/.m2/repository/org/glassfish/hk2/osgi-resource-locator/1.0.1/osgi-resource-locator-1.0.1.jar:/Users/dhgajend/.m2/repository/org/glassfish/jersey/core/jersey-server/2.5.1/jersey-server-2.5.1.jar:/Users/dhgajend/.m2/repository/org/glassfish/jersey/core/jersey-client/2.5.1/jersey-client-2.5.1.jar:/Users/dhgajend/.m2/repository/javax/validation/validation-api/1.1.0.Final/validation-api-1.1.0.Final.jar:/Users/dhgajend/.m2/repository/javax/ws/rs/javax.ws.rs-api/2.0/javax.ws.rs-api-2.0.jar:/Users/dhgajend/.m2/repository/junit/junit/4.9/junit-4.9.jar:/Users/dhgajend/.m2/repository/org/hamcrest/hamcrest-core/1.1/hamcrest-core-1.1.jar:/Users/dhgajend/.m2/repository/org/codehaus/jettison/jettison/1.1/jettison-1.1.jar:"/>
    <property name="java.specification.name" value="Java Platform API Specification"/>
    <property name="java.class.version" value="51.0"/>
    <property name="sun.management.compiler" value="HotSpot 64-Bit Tiered Compilers"/>
    <property name="os.version" value="10.8.5"/>
    <property name="http.nonProxyHosts" value="local|*.local|169.254/16|*.169.254/16"/>
    <property name="user.home" value="/Users/dhgajend"/>
    <property name="user.timezone" value="America/Los_Angeles"/>
    <property name="java.awt.printerjob" value="sun.lwawt.macosx.CPrinterJob"/>
    <property name="java.specification.version" value="1.7"/>
    <property name="file.encoding" value="UTF-8"/>
    <property name="user.name" value="dhgajend"/>
    <property name="java.class.path" value="/Users/dhgajend/my_home/workspace/cloud/simple-service/target/test-classes:/Users/dhgajend/my_home/workspace/cloud/simple-service/target/classes:/Users/dhgajend/.m2/repository/org/glassfish/jersey/containers/jersey-container-grizzly2-http/2.5.1/jersey-container-grizzly2-http-2.5.1.jar:/Users/dhgajend/.m2/repository/org/glassfish/hk2/external/javax.inject/2.2.0-b21/javax.inject-2.2.0-b21.jar:/Users/dhgajend/.m2/repository/org/glassfish/grizzly/grizzly-http-server/2.3.8/grizzly-http-server-2.3.8.jar:/Users/dhgajend/.m2/repository/org/glassfish/grizzly/grizzly-http/2.3.8/grizzly-http-2.3.8.jar:/Users/dhgajend/.m2/repository/org/glassfish/grizzly/grizzly-framework/2.3.8/grizzly-framework-2.3.8.jar:/Users/dhgajend/.m2/repository/org/glassfish/jersey/core/jersey-common/2.5.1/jersey-common-2.5.1.jar:/Users/dhgajend/.m2/repository/javax/annotation/javax.annotation-api/1.2/javax.annotation-api-1.2.jar:/Users/dhgajend/.m2/repository/com/google/guava/guava/14.0.1/guava-14.0.1.jar:/Users/dhgajend/.m2/repository/org/glassfish/hk2/hk2-api/2.2.0-b21/hk2-api-2.2.0-b21.jar:/Users/dhgajend/.m2/repository/org/glassfish/hk2/hk2-utils/2.2.0-b21/hk2-utils-2.2.0-b21.jar:/Users/dhgajend/.m2/repository/org/glassfish/hk2/hk2-locator/2.2.0-b21/hk2-locator-2.2.0-b21.jar:/Users/dhgajend/.m2/repository/org/glassfish/hk2/external/asm-all-repackaged/2.2.0-b21/asm-all-repackaged-2.2.0-b21.jar:/Users/dhgajend/.m2/repository/org/glassfish/hk2/external/cglib/2.2.0-b21/cglib-2.2.0-b21.jar:/Users/dhgajend/.m2/repository/org/glassfish/hk2/osgi-resource-locator/1.0.1/osgi-resource-locator-1.0.1.jar:/Users/dhgajend/.m2/repository/org/glassfish/jersey/core/jersey-server/2.5.1/jersey-server-2.5.1.jar:/Users/dhgajend/.m2/repository/org/glassfish/jersey/core/jersey-client/2.5.1/jersey-client-2.5.1.jar:/Users/dhgajend/.m2/repository/javax/validation/validation-api/1.1.0.Final/validation-api-1.1.0.Final.jar:/Users/dhgajend/.m2/repository/javax/ws/rs/javax.ws.rs-api/2.0/javax.ws.rs-api-2.0.jar:/Users/dhgajend/.m2/repository/junit/junit/4.9/junit-4.9.jar:/Users/dhgajend/.m2/repository/org/hamcrest/hamcrest-core/1.1/hamcrest-core-1.1.jar:/Users/dhgajend/.m2/repository/org/codehaus/jettison/jettison/1.1/jettison-1.1.jar:"/>
    <property name="java.vm.specification.version" value="1.7"/>
    <property name="sun.arch.data.model" value="64"/>
    <property name="java.home" value="/Users/dhgajend/p4depot/dev/src1213/build/jdk7_15/jdk1.7.0_15/jre"/>
    <property name="sun.java.command" value="/Users/dhgajend/my_home/workspace/cloud/simple-service/target/surefire/surefirebooter3328034652416405721.jar /Users/dhgajend/my_home/workspace/cloud/simple-service/target/surefire/surefire7473495341489552484tmp /Users/dhgajend/my_home/workspace/cloud/simple-service/target/surefire/surefire3470985468088398943tmp"/>
    <property name="java.specification.vendor" value="Oracle Corporation"/>
    <property name="user.language" value="en"/>
    <property name="awt.toolkit" value="sun.lwawt.macosx.LWCToolkit"/>
    <property name="java.vm.info" value="mixed mode"/>
    <property name="java.version" value="1.7.0_15"/>
    <property name="java.ext.dirs" value="/Users/dhgajend/Library/Java/Extensions:/Users/dhgajend/p4depot/dev/src1213/build/jdk7_15/jdk1.7.0_15/jre/lib/ext:/Library/Java/Extensions:/Network/Library/Java/Extensions:/System/Library/Java/Extensions:/usr/lib/java"/>
    <property name="sun.boot.class.path" value="/Users/dhgajend/p4depot/dev/src1213/build/jdk7_15/jdk1.7.0_15/jre/lib/resources.jar:/Users/dhgajend/p4depot/dev/src1213/build/jdk7_15/jdk1.7.0_15/jre/lib/rt.jar:/Users/dhgajend/p4depot/dev/src1213/build/jdk7_15/jdk1.7.0_15/jre/lib/sunrsasign.jar:/Users/dhgajend/p4depot/dev/src1213/build/jdk7_15/jdk1.7.0_15/jre/lib/jsse.jar:/Users/dhgajend/p4depot/dev/src1213/build/jdk7_15/jdk1.7.0_15/jre/lib/jce.jar:/Users/dhgajend/p4depot/dev/src1213/build/jdk7_15/jdk1.7.0_15/jre/lib/charsets.jar:/Users/dhgajend/p4depot/dev/src1213/build/jdk7_15/jdk1.7.0_15/jre/lib/jfr.jar:/Users/dhgajend/p4depot/dev/src1213/build/jdk7_15/jdk1.7.0_15/jre/lib/JObjC.jar:/Users/dhgajend/p4depot/dev/src1213/build/jdk7_15/jdk1.7.0_15/jre/classes"/>
    <property name="java.vendor" value="Oracle Corporation"/>
    <property name="localRepository" value="/Users/dhgajend/.m2/repository"/>
    <property name="file.separator" value="/"/>
    <property name="java.vendor.url.bug" value="http://bugreport.sun.com/bugreport/"/>
    <property name="sun.cpu.endian" value="little"/>
    <property name="sun.io.unicode.encoding" value="UnicodeBig"/>
    <property name="socksNonProxyHosts" value="local|*.local|169.254/16|*.169.254/16"/>
    <property name="ftp.nonProxyHosts" value="local|*.local|169.254/16|*.169.254/16"/>
    <property name="sun.cpu.isalist" value=""/>
  </properties>
  <testcase time="1.09" classname="com.example.MyResourceTest" name="testGetIt">
    <error message="HTTP 404 Not Found" type="javax.ws.rs.NotFoundException">javax.ws.rs.NotFoundException: HTTP 404 Not Found
	at org.glassfish.jersey.client.JerseyInvocation.convertToException(JerseyInvocation.java:917)
	at org.glassfish.jersey.client.JerseyInvocation.translate(JerseyInvocation.java:770)
	at org.glassfish.jersey.client.JerseyInvocation.access$500(JerseyInvocation.java:90)
	at org.glassfish.jersey.client.JerseyInvocation$2.call(JerseyInvocation.java:671)
	at org.glassfish.jersey.internal.Errors.process(Errors.java:315)
	at org.glassfish.jersey.internal.Errors.process(Errors.java:297)
	at org.glassfish.jersey.internal.Errors.process(Errors.java:228)
	at org.glassfish.jersey.process.internal.RequestScope.runInScope(RequestScope.java:422)
	at org.glassfish.jersey.client.JerseyInvocation.invoke(JerseyInvocation.java:667)
	at org.glassfish.jersey.client.JerseyInvocation$Builder.method(JerseyInvocation.java:396)
	at org.glassfish.jersey.client.JerseyInvocation$Builder.get(JerseyInvocation.java:296)
	at com.example.MyResourceTest.testGetIt(MyResourceTest.java:47)
	at sun.reflect.NativeMethodAccessorImpl.invoke0(Native Method)
	at sun.reflect.NativeMethodAccessorImpl.invoke(NativeMethodAccessorImpl.java:57)
	at sun.reflect.DelegatingMethodAccessorImpl.invoke(DelegatingMethodAccessorImpl.java:43)
	at java.lang.reflect.Method.invoke(Method.java:601)
	at org.junit.runners.model.FrameworkMethod$1.runReflectiveCall(FrameworkMethod.java:44)
	at org.junit.internal.runners.model.ReflectiveCallable.run(ReflectiveCallable.java:15)
	at org.junit.runners.model.FrameworkMethod.invokeExplosively(FrameworkMethod.java:41)
	at org.junit.internal.runners.statements.InvokeMethod.evaluate(InvokeMethod.java:20)
	at org.junit.internal.runners.statements.RunBefores.evaluate(RunBefores.java:28)
	at org.junit.internal.runners.statements.RunAfters.evaluate(RunAfters.java:31)
	at org.junit.runners.ParentRunner.runLeaf(ParentRunner.java:263)
	at org.junit.runners.BlockJUnit4ClassRunner.runChild(BlockJUnit4ClassRunner.java:69)
	at org.junit.runners.BlockJUnit4ClassRunner.runChild(BlockJUnit4ClassRunner.java:48)
	at org.junit.runners.ParentRunner$3.run(ParentRunner.java:231)
	at org.junit.runners.ParentRunner$1.schedule(ParentRunner.java:60)
	at org.junit.runners.ParentRunner.runChildren(ParentRunner.java:229)
	at org.junit.runners.ParentRunner.access$000(ParentRunner.java:50)
	at org.junit.runners.ParentRunner$2.evaluate(ParentRunner.java:222)
	at org.junit.runners.ParentRunner.run(ParentRunner.java:292)
	at org.apache.maven.surefire.junit4.JUnit4TestSet.execute(JUnit4TestSet.java:35)
	at org.apache.maven.surefire.junit4.JUnit4Provider.executeTestSet(JUnit4Provider.java:115)
	at org.apache.maven.surefire.junit4.JUnit4Provider.invoke(JUnit4Provider.java:97)
	at sun.reflect.NativeMethodAccessorImpl.invoke0(Native Method)
	at sun.reflect.NativeMethodAccessorImpl.invoke(NativeMethodAccessorImpl.java:57)
	at sun.reflect.DelegatingMethodAccessorImpl.invoke(DelegatingMethodAccessorImpl.java:43)
	at java.lang.reflect.Method.invoke(Method.java:601)
	at org.apache.maven.surefire.booter.ProviderFactory$ClassLoaderProxy.invoke(ProviderFactory.java:103)
	at com.sun.proxy.$Proxy0.invoke(Unknown Source)
	at org.apache.maven.surefire.booter.SurefireStarter.invokeProvider(SurefireStarter.java:150)
	at org.apache.maven.surefire.booter.SurefireStarter.runSuitesInProcess(SurefireStarter.java:91)
	at org.apache.maven.surefire.booter.ForkedBooter.main(ForkedBooter.java:69)
</error>
    <system-out>@HL
@HL-------------------------------------------------------
@HL T E S T S
@HL-------------------------------------------------------
@SLRunning com.example.MyResourceTest
</system-out>
    <system-err>Feb 10, 2014 12:02:16 PM org.glassfish.jersey.server.ApplicationHandler initialize
INFO: Initiating Jersey application, version Jersey: 2.5.1 2014-01-02 13:43:00...
Feb 10, 2014 12:02:16 PM org.glassfish.grizzly.http.server.NetworkListener start
INFO: Started listener bound to [localhost:8080]
Feb 10, 2014 12:02:16 PM org.glassfish.grizzly.http.server.HttpServer start
INFO: [HttpServer] Started.
Feb 10, 2014 12:02:16 PM org.glassfish.grizzly.http.server.NetworkListener shutdownNow
INFO: Stopped listener bound to [localhost:8080]
</system-err>
  </testcase>
</testsuite>